<?xml version="1.0" encoding="UTF-8"?>
<robot generator="Robot 7.1.1 (Python 3.12.8 on win32)" generated="2025-01-22T17:14:57.515496" rpa="false" schemaversion="5">
<suite id="s1" name="Iframe" source="D:\New Framework\Scripts\iframe.robot">
<test id="s1-t1" name="Iframe" line="9">
<kw name="Open Browser" owner="SeleniumLibrary">
<msg time="2025-01-22T17:14:57.714502" level="INFO">Opening browser 'chrome' to base url 'https://demo.automationtesting.in/Frames.html'.</msg>
<arg>${URL}</arg>
<arg>${BROWSER}</arg>
<doc>Opens a new browser instance to the optional ``url``.</doc>
<status status="PASS" start="2025-01-22T17:14:57.714502" elapsed="2.623025"/>
</kw>
<kw name="Sleep" owner="BuiltIn">
<msg time="2025-01-22T17:15:03.337888" level="INFO">Slept 3 seconds.</msg>
<arg>3 seconds</arg>
<doc>Pauses the test executed for the given time.</doc>
<status status="PASS" start="2025-01-22T17:15:00.337527" elapsed="3.000361"/>
</kw>
<kw name="Select Frame" owner="SeleniumLibrary">
<msg time="2025-01-22T17:15:03.338876" level="INFO">Selecting frame 'id:singleframe'.</msg>
<arg>id:singleframe</arg>
<doc>Sets frame identified by ``locator`` as the current frame.</doc>
<status status="PASS" start="2025-01-22T17:15:03.338876" elapsed="0.026910"/>
</kw>
<kw name="Input Text" owner="SeleniumLibrary">
<msg time="2025-01-22T17:15:03.366783" level="INFO">Typing text 'Testing' into text field '//input[@type='text']'.</msg>
<arg>//input[@type='text']</arg>
<arg>Testing</arg>
<doc>Types the given ``text`` into the text field identified by ``locator``.</doc>
<status status="PASS" start="2025-01-22T17:15:03.365786" elapsed="0.094679"/>
</kw>
<kw name="Sleep" owner="BuiltIn">
<msg time="2025-01-22T17:15:08.462734" level="INFO">Slept 5 seconds.</msg>
<arg>5</arg>
<doc>Pauses the test executed for the given time.</doc>
<status status="PASS" start="2025-01-22T17:15:03.461464" elapsed="5.001270"/>
</kw>
<kw name="Unselect Frame" owner="SeleniumLibrary">
<doc>Sets the main frame as the current frame.</doc>
<status status="PASS" start="2025-01-22T17:15:08.462734" elapsed="0.002965"/>
</kw>
<kw name="Close Browser" owner="SeleniumLibrary">
<doc>Closes the current browser.</doc>
<status status="PASS" start="2025-01-22T17:15:08.466697" elapsed="2.196567"/>
</kw>
<status status="PASS" start="2025-01-22T17:14:57.713505" elapsed="12.950679"/>
</test>
<status status="PASS" start="2025-01-22T17:14:57.517487" elapsed="13.147694"/>
</suite>
<statistics>
<total>
<stat pass="1" fail="0" skip="0">All Tests</stat>
</total>
<tag>
</tag>
<suite>
<stat pass="1" fail="0" skip="0" id="s1" name="Iframe">Iframe</stat>
</suite>
</statistics>
<errors>
</errors>
</robot>
